<html>
<head>
<title>TestNG:  Surefire test</title>
<link href="../testng.css" rel="stylesheet" type="text/css" />
<link href="../my-testng.css" rel="stylesheet" type="text/css" />

<style type="text/css">
.log { display: none;} 
.stack-trace { display: none;} 
</style>
<script type="text/javascript">
<!--
function flip(e) {
  current = e.style.display;
  if (current == 'block') {
    e.style.display = 'none';
    return 0;
  }
  else {
    e.style.display = 'block';
    return 1;
  }
}

function toggleBox(szDivId, elem, msg1, msg2)
{
  var res = -1;  if (document.getElementById) {
    res = flip(document.getElementById(szDivId));
  }
  else if (document.all) {
    // this is the way old msie versions work
    res = flip(document.all[szDivId]);
  }
  if(elem) {
    if(res == 0) elem.innerHTML = msg1; else elem.innerHTML = msg2;
  }

}

function toggleAllBoxes() {
  if (document.getElementsByTagName) {
    d = document.getElementsByTagName('div');
    for (i = 0; i < d.length; i++) {
      if (d[i].className == 'log') {
        flip(d[i]);
      }
    }
  }
}

// -->
</script>

</head>
<body>
<h2 align='center'>Surefire test</h2><table border='1' align="center">
<tr>
<td>Tests passed/Failed/Skipped:</td><td>17/0/1</td>
</tr><tr>
<td>Started on:</td><td>Mon Jun 28 11:53:53 PKT 2021</td>
</tr>
<tr><td>Total time:</td><td>294 seconds (294896 ms)</td>
</tr><tr>
<td>Included groups:</td><td></td>
</tr><tr>
<td>Excluded groups:</td><td></td>
</tr>
</table><p/>
<small><i>(Hover the method name to see the test class name)</i></small><p/>
<table width='100%' border='1' class='invocation-passed'>
<tr><td colspan='4' align='center'><b>PASSED TESTS</b></td></tr>
<tr><td><b>Test method</b></td>
<td width="30%"><b>Exception</b></td>
<td width="10%"><b>Time (seconds)</b></td>
<td><b>Instance</b></td>
</tr>
<tr>
<td title='com.NForce.qa.testcases.LoginPageTest.checkIfNForceLogoPresent()'><b>checkIfNForceLogoPresent</b><br>Test class: com.NForce.qa.testcases.LoginPageTest</td>
<td></td>
<td>0</td>
<td>com.NForce.qa.testcases.LoginPageTest@26f67b76</td></tr>
<tr>
<td title='com.NForce.qa.testcases.BulkGuardPageTest.controlOnBulkGuardPage()'><b>controlOnBulkGuardPage</b><br>Test class: com.NForce.qa.testcases.BulkGuardPageTest</td>
<td></td>
<td>0</td>
<td>com.NForce.qa.testcases.BulkGuardPageTest@12843fce</td></tr>
<tr>
<td title='com.NForce.qa.testcases.DashboardPageTest.controlOnDashboardPage()'><b>controlOnDashboardPage</b><br>Test class: com.NForce.qa.testcases.DashboardPageTest</td>
<td></td>
<td>0</td>
<td>com.NForce.qa.testcases.DashboardPageTest@3dd3bcd</td></tr>
<tr>
<td title='com.NForce.qa.testcases.LoginPageTest.controlOnLoginPage()'><b>controlOnLoginPage</b><br>Test class: com.NForce.qa.testcases.LoginPageTest</td>
<td></td>
<td>0</td>
<td>com.NForce.qa.testcases.LoginPageTest@26f67b76</td></tr>
<tr>
<td title='com.NForce.qa.testcases.LoginPageTest.loginPageTitleTest()'><b>loginPageTitleTest</b><br>Test class: com.NForce.qa.testcases.LoginPageTest</td>
<td></td>
<td>0</td>
<td>com.NForce.qa.testcases.LoginPageTest@26f67b76</td></tr>
<tr>
<td title='com.NForce.qa.testcases.LoginPageTest.loginTest()'><b>loginTest</b><br>Test class: com.NForce.qa.testcases.LoginPageTest</td>
<td></td>
<td>0</td>
<td>com.NForce.qa.testcases.LoginPageTest@26f67b76</td></tr>
<tr>
<td title='com.NForce.qa.testcases.DashboardPageTest.verfiyExpandAllButtonTest()'><b>verfiyExpandAllButtonTest</b><br>Test class: com.NForce.qa.testcases.DashboardPageTest</td>
<td></td>
<td>0</td>
<td>com.NForce.qa.testcases.DashboardPageTest@3dd3bcd</td></tr>
<tr>
<td title='com.NForce.qa.testcases.DashboardPageTest.verfiyMinimizeAllButtonTest()'><b>verfiyMinimizeAllButtonTest</b><br>Test class: com.NForce.qa.testcases.DashboardPageTest</td>
<td></td>
<td>0</td>
<td>com.NForce.qa.testcases.DashboardPageTest@3dd3bcd</td></tr>
<tr>
<td title='com.NForce.qa.testcases.DashboardPageTest.verfiyReloadButtonTest()'><b>verfiyReloadButtonTest</b><br>Test class: com.NForce.qa.testcases.DashboardPageTest</td>
<td></td>
<td>0</td>
<td>com.NForce.qa.testcases.DashboardPageTest@3dd3bcd</td></tr>
<tr>
<td title='com.NForce.qa.testcases.BulkGuardPageTest.verifyBulkGuardLabelTest()'><b>verifyBulkGuardLabelTest</b><br>Test class: com.NForce.qa.testcases.BulkGuardPageTest</td>
<td></td>
<td>0</td>
<td>com.NForce.qa.testcases.BulkGuardPageTest@12843fce</td></tr>
<tr>
<td title='com.NForce.qa.testcases.BulkGuardPageTest.verifyClickOnSearchWildcardsTest()'><b>verifyClickOnSearchWildcardsTest</b><br>Test class: com.NForce.qa.testcases.BulkGuardPageTest</td>
<td></td>
<td>0</td>
<td>com.NForce.qa.testcases.BulkGuardPageTest@12843fce</td></tr>
<tr>
<td title='com.NForce.qa.testcases.DashboardPageTest.verifyDashboardTitleTest()'><b>verifyDashboardTitleTest</b><br>Test class: com.NForce.qa.testcases.DashboardPageTest</td>
<td></td>
<td>0</td>
<td>com.NForce.qa.testcases.DashboardPageTest@3dd3bcd</td></tr>
<tr>
<td title='com.NForce.qa.testcases.HardBlockGTPageTest.verifyIsHardBlockGtPageTest()'><b>verifyIsHardBlockGtPageTest</b><br>Test class: com.NForce.qa.testcases.HardBlockGTPageTest</td>
<td></td>
<td>1</td>
<td>com.NForce.qa.testcases.HardBlockGTPageTest@97e1986</td></tr>
<tr>
<td title='com.NForce.qa.testcases.DashboardPageTest.verifyUserNameTest()'><b>verifyUserNameTest</b><br>Test class: com.NForce.qa.testcases.DashboardPageTest</td>
<td></td>
<td>0</td>
<td>com.NForce.qa.testcases.DashboardPageTest@3dd3bcd</td></tr>
<tr>
<td title='com.NForce.qa.testcases.DashboardPageTest.verifyaddNewDashboardTest()'><b>verifyaddNewDashboardTest</b><br>Test class: com.NForce.qa.testcases.DashboardPageTest</td>
<td></td>
<td>0</td>
<td>com.NForce.qa.testcases.DashboardPageTest@3dd3bcd</td></tr>
<tr>
<td title='com.NForce.qa.testcases.DashboardPageTest.verifyclickOnTrafficManagementIconTest()'><b>verifyclickOnTrafficManagementIconTest</b><br>Test class: com.NForce.qa.testcases.DashboardPageTest</td>
<td></td>
<td>2</td>
<td>com.NForce.qa.testcases.DashboardPageTest@3dd3bcd</td></tr>
<tr>
<td title='com.NForce.qa.testcases.HardBlockGTPageTest.verifyisHardBlockGtPageTest()'><b>verifyisHardBlockGtPageTest</b><br>Test class: com.NForce.qa.testcases.HardBlockGTPageTest</td>
<td></td>
<td>0</td>
<td>com.NForce.qa.testcases.HardBlockGTPageTest@97e1986</td></tr>
</table><p>
<table width='100%' border='1' class='invocation-skipped'>
<tr><td colspan='4' align='center'><b>SKIPPED TESTS</b></td></tr>
<tr><td><b>Test method</b></td>
<td width="30%"><b>Exception</b></td>
<td width="10%"><b>Time (seconds)</b></td>
<td><b>Instance</b></td>
</tr>
<tr>
<td title='com.NForce.qa.testcases.HardBlockGTPageTest.validateAddNewParameterTest()'><b>validateAddNewParameterTest</b><br>Test class: com.NForce.qa.testcases.HardBlockGTPageTest</td>
<td><div><pre>java.lang.RuntimeException: java.lang.NoSuchMethodError: org.apache.poi.util.POILogger.log(ILjava/lang/Object;)V
Caused by: java.lang.NoSuchMethodError: org.apache.poi.util.POILogger.log(ILjava/lang/Object;)V
	at org.apache.poi.openxml4j.opc.PackageRelationshipCollection.parseRelationshipsPart(PackageRelationshipCollection.java:304)
	at org.apache.poi.openxml4j.opc.PackageRelationshipCollection.&lt;init&gt;(PackageRelationshipCollection.java:156)
	at org.apache.poi.openxml4j.opc.PackageRelationshipCollection.&lt;init&gt;(PackageRelationshipCollection.java:124)
	at org.apache.poi.openxml4j.opc.PackagePart.loadRelationships(PackagePart.java:559)
	at org.apache.poi.openxml4j.opc.PackagePart.&lt;init&gt;(PackagePart.java:112)
	at org.apache.poi.openxml4j.opc.PackagePart.&lt;init&gt;(PackagePart.java:83)
	at org.apache.poi.openxml4j.opc.PackagePart.&lt;init&gt;(PackagePart.java:128)
	at org.apache.poi.openxml4j.opc.ZipPackagePart.&lt;init&gt;(ZipPackagePart.java:78)
	at org.apache.poi.openxml4j.opc.ZipPackage.getPartsImpl(ZipPackage.java:218)
	at org.apache.poi.openxml4j.opc.OPCPackage.getParts(OPCPackage.java:662)
	at org.apache.poi.openxml4j.opc.OPCPackage.open(OPCPackage.java:269)
	at org.apache.poi.ss.usermodel.WorkbookFactory.create(WorkbookFactory.java:73)
	at com.NForce.qa.util.TestUtil.getTestData(TestUtil.java:40)
	at com.NForce.qa.testcases.HardBlockGTPageTest.getIMSTestData(HardBlockGTPageTest.java:60)
	... 27 more
... Removed 35 stack frames</pre></div><a href='#' onClick='toggleBox("stack-trace2042917213", this, "Click to show all stack frames", "Click to hide stack frames")'>Click to show all stack frames</a>
<div class='stack-trace' id='stack-trace2042917213'><pre>java.lang.RuntimeException: java.lang.NoSuchMethodError: org.apache.poi.util.POILogger.log(ILjava/lang/Object;)V
	at org.testng.internal.MethodInvocationHelper.invokeMethodNoCheckedException(MethodInvocationHelper.java:49)
	at org.testng.internal.MethodInvocationHelper.invokeDataProvider(MethodInvocationHelper.java:115)
	at org.testng.internal.Parameters.handleParameters(Parameters.java:509)
	at org.testng.internal.Invoker.handleParameters(Invoker.java:1308)
	at org.testng.internal.Invoker.createParameters(Invoker.java:1036)
	at org.testng.internal.Invoker.invokeTestMethods(Invoker.java:1126)
	at org.testng.internal.TestMethodWorker.invokeTestMethods(TestMethodWorker.java:126)
	at org.testng.internal.TestMethodWorker.run(TestMethodWorker.java:109)
	at org.testng.TestRunner.privateRun(TestRunner.java:744)
	at org.testng.TestRunner.run(TestRunner.java:602)
	at org.testng.SuiteRunner.runTest(SuiteRunner.java:380)
	at org.testng.SuiteRunner.runSequentially(SuiteRunner.java:375)
	at org.testng.SuiteRunner.privateRun(SuiteRunner.java:340)
	at org.testng.SuiteRunner.run(SuiteRunner.java:289)
	at org.testng.SuiteRunnerWorker.runSuite(SuiteRunnerWorker.java:52)
	at org.testng.SuiteRunnerWorker.run(SuiteRunnerWorker.java:86)
	at org.testng.TestNG.runSuitesSequentially(TestNG.java:1301)
	at org.testng.TestNG.runSuitesLocally(TestNG.java:1226)
	at org.testng.TestNG.runSuites(TestNG.java:1144)
	at org.testng.TestNG.run(TestNG.java:1115)
	at org.apache.maven.surefire.testng.TestNGExecutor.run(TestNGExecutor.java:136)
	at org.apache.maven.surefire.testng.TestNGDirectoryTestSuite.executeMulti(TestNGDirectoryTestSuite.java:193)
	at org.apache.maven.surefire.testng.TestNGDirectoryTestSuite.execute(TestNGDirectoryTestSuite.java:94)
	at org.apache.maven.surefire.testng.TestNGProvider.invoke(TestNGProvider.java:145)
	at org.apache.maven.surefire.booter.ForkedBooter.runSuitesInProcess(ForkedBooter.java:428)
	at org.apache.maven.surefire.booter.ForkedBooter.execute(ForkedBooter.java:162)
	at org.apache.maven.surefire.booter.ForkedBooter.run(ForkedBooter.java:562)
	at org.apache.maven.surefire.booter.ForkedBooter.main(ForkedBooter.java:548)
Caused by: java.lang.NoSuchMethodError: org.apache.poi.util.POILogger.log(ILjava/lang/Object;)V
	at org.apache.poi.openxml4j.opc.PackageRelationshipCollection.parseRelationshipsPart(PackageRelationshipCollection.java:304)
	at org.apache.poi.openxml4j.opc.PackageRelationshipCollection.&lt;init&gt;(PackageRelationshipCollection.java:156)
	at org.apache.poi.openxml4j.opc.PackageRelationshipCollection.&lt;init&gt;(PackageRelationshipCollection.java:124)
	at org.apache.poi.openxml4j.opc.PackagePart.loadRelationships(PackagePart.java:559)
	at org.apache.poi.openxml4j.opc.PackagePart.&lt;init&gt;(PackagePart.java:112)
	at org.apache.poi.openxml4j.opc.PackagePart.&lt;init&gt;(PackagePart.java:83)
	at org.apache.poi.openxml4j.opc.PackagePart.&lt;init&gt;(PackagePart.java:128)
	at org.apache.poi.openxml4j.opc.ZipPackagePart.&lt;init&gt;(ZipPackagePart.java:78)
	at org.apache.poi.openxml4j.opc.ZipPackage.getPartsImpl(ZipPackage.java:218)
	at org.apache.poi.openxml4j.opc.OPCPackage.getParts(OPCPackage.java:662)
	at org.apache.poi.openxml4j.opc.OPCPackage.open(OPCPackage.java:269)
	at org.apache.poi.ss.usermodel.WorkbookFactory.create(WorkbookFactory.java:73)
	at com.NForce.qa.util.TestUtil.getTestData(TestUtil.java:40)
	at com.NForce.qa.testcases.HardBlockGTPageTest.getIMSTestData(HardBlockGTPageTest.java:60)
	at sun.reflect.NativeMethodAccessorImpl.invoke0(Native Method)
	at sun.reflect.NativeMethodAccessorImpl.invoke(NativeMethodAccessorImpl.java:62)
	at sun.reflect.DelegatingMethodAccessorImpl.invoke(DelegatingMethodAccessorImpl.java:43)
	at java.lang.reflect.Method.invoke(Method.java:498)
	at org.testng.internal.MethodInvocationHelper.invokeMethod(MethodInvocationHelper.java:108)
	at org.testng.internal.MethodInvocationHelper.invokeMethod(MethodInvocationHelper.java:55)
	at org.testng.internal.MethodInvocationHelper.invokeMethodNoCheckedException(MethodInvocationHelper.java:45)
	... 27 more
</pre></div></td>
<td>0</td>
<td>com.NForce.qa.testcases.HardBlockGTPageTest@97e1986</td></tr>
</table><p>
</body>
</html>